[Rails::Assist::Logging]
Roles Generator !!!
[Rails::Assist::Logging]
Roles Generator: User
Roles Generator DONE
[Rails::Assist::Logging]
Roles Generator: User
Roles Generator DONE
[Rails::Assist::Logging]
Roles Generator: User
Roles Generator DONE
[Rails::Assist::Logging]
Roles Generator: User
Roles Generator DONE
[Rails::Assist::Logging]
apply_role_strategy for : admin_flag in model User
[Rails::Assist::Logging]
apply_role_strategy for : admin_flag in model User
[Rails::Assist::Logging]
apply_role_strategy for : admin_flag in model User
[Rails::Assist::Logging]
apply_role_strategy for : one_role in model User
[Rails::Assist::Logging]
apply_role_strategy for : admin_flag in model User
[Rails::Assist::Logging]
apply_role_strategy for : one_role in model User
[Rails::Assist::Logging]
apply_role_strategy for : admin_flag in model User
[Rails::Assist::Logging]
apply_role_strategy for : one_role in model User
